<?xml version="1.0" encoding="UTF-8"?>
<!-- Generated by org.testng.reporters.JUnitReportReporter -->
<testsuite hostname="DNYANDA" failures="0" tests="1" name="StepsDefinition.OpenSteps" time="5.554" errors="0" timestamp="23 May 2021 20:31:51 GMT" skipped="0">
  <testcase classname="StepsDefinition.OpenSteps" name="navigation" time="5.554"/>
</testsuite> <!-- StepsDefinition.OpenSteps -->
